<?xml version="1.0" encoding="UTF-8"?>
<!-- Generated by org.testng.reporters.JUnitReportReporter -->
<testsuite hostname="user-PC" failures="0" tests="2" name="testcases.RadioButton_Interact" time="1.498" errors="0" timestamp="2024-02-12T19:02:54 IST" skipped="0">
  <testcase classname="testcases.RadioButton_Interact" name="RadioButtonLink" time="0.428"/>
  <system-out/>
  <testcase classname="testcases.RadioButton_Interact" name="RadioButtons" time="1.070"/>
  <system-out/>
</testsuite> <!-- testcases.RadioButton_Interact -->
