<?xml version="1.0" encoding="UTF-8"?>
<!-- Generated by org.testng.reporters.JUnitReportReporter -->
<testsuite hostname="user-PC" failures="0" tests="2" name="testcases.Checkbox_Interact" time="1.724" errors="0" timestamp="2024-02-12T19:02:54 IST" skipped="0">
  <testcase classname="testcases.Checkbox_Interact" name="checkboxes" time="0.980"/>
  <system-out/>
  <testcase classname="testcases.Checkbox_Interact" name="checkboxlink" time="0.744"/>
  <system-out/>
</testsuite> <!-- testcases.Checkbox_Interact -->
