<?xml version="1.0" encoding="UTF-8"?>
<!-- Generated by org.testng.reporters.JUnitReportReporter -->
<testsuite hostname="user-PC" failures="0" tests="2" name="testcases.KeyAndMousePress_Interact" time="3.724" errors="0" timestamp="2024-02-12T19:02:54 IST" skipped="0">
  <testcase classname="testcases.KeyAndMousePress_Interact" name="KeyAndMousePressLink" time="0.820"/>
  <system-out/>
  <testcase classname="testcases.KeyAndMousePress_Interact" name="KeyAndMouseInteract" time="2.904"/>
  <system-out/>
</testsuite> <!-- testcases.KeyAndMousePress_Interact -->
