<?xml version="1.0" encoding="UTF-8"?>
<!-- Generated by org.testng.reporters.JUnitReportReporter -->
<testsuite hostname="user-PC" failures="0" tests="2" name="testcases.PageScroll_Interact" time="1.286" errors="0" timestamp="2024-02-12T19:02:54 IST" skipped="0">
  <testcase classname="testcases.PageScroll_Interact" name="PagescrollLink" time="0.618"/>
  <system-out/>
  <testcase classname="testcases.PageScroll_Interact" name="PageScroll" time="0.668"/>
  <system-out/>
</testsuite> <!-- testcases.PageScroll_Interact -->
