<?xml version="1.0" encoding="UTF-8"?>
<!-- Generated by org.testng.reporters.JUnitReportReporter -->
<testsuite hostname="user-PC" failures="0" tests="2" name="testcases.Complete_WebForm_Interact" time="2.892" errors="0" timestamp="2024-02-12T19:02:54 IST" skipped="0">
  <testcase classname="testcases.Complete_WebForm_Interact" name="Webform" time="2.412"/>
  <system-out/>
  <testcase classname="testcases.Complete_WebForm_Interact" name="WebformLink" time="0.480"/>
  <system-out/>
</testsuite> <!-- testcases.Complete_WebForm_Interact -->
