<?xml version="1.0" encoding="UTF-8"?>
<!-- Generated by org.testng.reporters.JUnitReportReporter -->
<testsuite hostname="user-PC" failures="0" tests="2" name="testcases.EnableAndDisableElements_Interact" time="3.808" errors="0" timestamp="2024-02-12T19:02:54 IST" skipped="0">
  <testcase classname="testcases.EnableAndDisableElements_Interact" name="EnableAndDisableLink" time="1.070"/>
  <system-out/>
  <testcase classname="testcases.EnableAndDisableElements_Interact" name="EnableAndDisable" time="2.738"/>
  <system-out/>
</testsuite> <!-- testcases.EnableAndDisableElements_Interact -->
