<?xml version="1.0" encoding="UTF-8"?>
<!-- Generated by org.testng.reporters.JUnitReportReporter -->
<testsuite hostname="user-PC" failures="0" tests="4" name="testcases.Buttons_Interact" time="11.458" errors="0" timestamp="2024-02-12T19:02:54 IST" skipped="0">
  <testcase classname="testcases.Buttons_Interact" name="Buttons" time="4.901"/>
  <system-out/>
  <testcase classname="testcases.Buttons_Interact" name="NumbersButtons" time="2.055"/>
  <system-out/>
  <testcase classname="testcases.Buttons_Interact" name="ButtonsLink" time="3.466"/>
  <system-out/>
  <testcase classname="testcases.Buttons_Interact" name="AllignmentButtons" time="1.036"/>
  <system-out/>
</testsuite> <!-- testcases.Buttons_Interact -->
