<?xml version="1.0" encoding="UTF-8"?>
<!-- Generated by org.testng.reporters.JUnitReportReporter -->
<testsuite hostname="user-PC" failures="0" tests="2" name="testcases.Windows_interact" time="3.777" errors="0" timestamp="2024-02-12T19:02:54 IST" skipped="0">
  <testcase classname="testcases.Windows_interact" name="windows" time="3.205"/>
  <system-out/>
  <testcase classname="testcases.Windows_interact" name="Windowslink" time="0.572"/>
  <system-out/>
</testsuite> <!-- testcases.Windows_interact -->
