<?xml version="1.0" encoding="UTF-8"?>
<!-- Generated by org.testng.reporters.JUnitReportReporter -->
<testsuite hostname="user-PC" failures="0" tests="2" name="testcases.DragAndDrop_Interact" time="2.318" errors="0" timestamp="2024-02-09T14:02:17 IST" skipped="0">
  <testcase classname="testcases.DragAndDrop_Interact" name="DragAndDropLink" time="1.027"/>
  <system-out/>
  <testcase classname="testcases.DragAndDrop_Interact" name="DragAndDrap" time="1.291"/>
  <system-out/>
</testsuite> <!-- testcases.DragAndDrop_Interact -->
