<?xml version="1.0" encoding="UTF-8"?>
<!-- Generated by org.testng.reporters.JUnitReportReporter -->
<testsuite hostname="user-PC" failures="0" tests="2" name="testcases.FileUpload_Interact" time="24.943" errors="0" timestamp="2024-02-12T19:02:54 IST" skipped="0">
  <testcase classname="testcases.FileUpload_Interact" name="Fileupload" time="24.398"/>
  <system-out/>
  <testcase classname="testcases.FileUpload_Interact" name="fileuploadLink" time="0.545"/>
  <system-out/>
</testsuite> <!-- testcases.FileUpload_Interact -->
