<?xml version="1.0" encoding="UTF-8"?>
<!-- Generated by org.testng.reporters.JUnitReportReporter -->
<testsuite hostname="user-PC" failures="0" tests="2" name="testcases.ModalOrAlert_Interact" time="5.175" errors="0" timestamp="2024-02-12T19:02:54 IST" skipped="0">
  <testcase classname="testcases.ModalOrAlert_Interact" name="Modal" time="1.311"/>
  <system-out/>
  <testcase classname="testcases.ModalOrAlert_Interact" name="ModalLink" time="3.864"/>
  <system-out/>
</testsuite> <!-- testcases.ModalOrAlert_Interact -->
