<?xml version="1.0" encoding="UTF-8"?>
<!-- Generated by org.testng.reporters.JUnitReportReporter -->
<testsuite hostname="user-PC" failures="0" tests="2" name="testcases.Dropdown_Interact" time="2.016" errors="0" timestamp="2024-02-12T19:02:54 IST" skipped="0">
  <testcase classname="testcases.Dropdown_Interact" name="DropdownLink" time="0.614"/>
  <system-out/>
  <testcase classname="testcases.Dropdown_Interact" name="DropDown" time="1.402"/>
  <system-out/>
</testsuite> <!-- testcases.Dropdown_Interact -->
